2025-04-23 15:35:52,585 [INFO] API Request [32043777]: Sending CMD_GET_CURRENT_EPG to 10.30.5.154:25671
2025-04-23 15:35:52,585 [INFO] 
2025-04-23 15:35:52,586 [INFO] Sending packet (170 bytes)
2025-04-23 15:35:52,586 [DEBUG] Starting to receive response packets
2025-04-23 15:35:52,660 [DEBUG] Received packet 1: 685 bytes from ('10.30.5.154', 25671)
2025-04-23 15:35:52,660 [DEBUG] Processed packet 0/1
2025-04-23 15:35:52,660 [INFO] All 1 packets received
2025-04-23 15:35:52,660 [INFO] Received complete response (681 bytes)
2025-04-23 15:35:52,660 [DEBUG] Response content: Command received: 750051288:msg:{"id": 32043777, "api_key": "dca15ceb-39c9-49f8-a0a6-a85c7402af6e", "command": "CMD_GET_CURRENT_EPG", "description": "Get CURRENT EPG for current playback"}

{
  "command": "CMD_GET_CURRENT_EPG",
  "details": {
    "channelName": "Channel 4",
    "durationTimeUtcMillis": 0,
    "endTimeUtcMillis": 0,
    "eventId": 0,
    "longDescription": "",
    "reamingTimeUtcMillis": 0,
    "recordTimer": false,
    "s_id": 104,
    "shortDescription": "",
    "startTimeUtcMillis": 0,
    "timerStatusPass": false,
    "title": ""
  },
  "id": 32043777,
  "message": "Successfully retrieved EPG data.",
  "status": "success",
  "timestamp": 1745447752664
}
2025-04-23 15:35:52,660 [INFO] 
