2025-04-24 08:12:47,830 [INFO] API Request [96239628]: Sending CMD_SEND_BUTTON_KEY to 10.30.5.197:25671
2025-04-24 08:12:47,830 [INFO] 
2025-04-24 08:12:47,830 [INFO] Sending packet (195 bytes)
2025-04-24 08:12:47,830 [DEBUG] Starting to receive response packets
2025-04-24 08:12:47,865 [DEBUG] Received packet 1: 422 bytes from ('10.30.5.197', 25671)
2025-04-24 08:12:47,865 [DEBUG] Processed packet 0/1
2025-04-24 08:12:47,865 [INFO] All 1 packets received
2025-04-24 08:12:47,865 [INFO] Received complete response (418 bytes)
2025-04-24 08:12:47,865 [DEBUG] Response content: Command received: 750051288:msg:{"id": 96239628, "api_key": "dca15ceb-39c9-49f8-a0a6-a85c7402af6e", "command": "CMD_SEND_BUTTON_KEY", "description": "Send KEY button press to STB", "payload": {"button_key": "UP"}}

{
  "command": "CMD_SEND_BUTTON_KEY",
  "details": {
    "button_key": "UP",
    "timestamp": 1745507568475
  },
  "id": 96239628,
  "message": "Button key UP successfully sent.",
  "status": "success"
}
2025-04-24 08:12:47,865 [INFO] 
