2025-04-23 15:34:30,193 [INFO] API Request [41564471]: Sending CMD_FORCE_SET_CH_SOURCE to 10.30.5.154:25671
2025-04-23 15:34:30,193 [INFO] 
2025-04-23 15:34:30,193 [INFO] Sending packet (218 bytes)
2025-04-23 15:34:30,193 [DEBUG] Starting to receive response packets
2025-04-23 15:34:30,219 [DEBUG] Received packet 1: 438 bytes from ('10.30.5.154', 25671)
2025-04-23 15:34:30,220 [DEBUG] Processed packet 0/1
2025-04-23 15:34:30,220 [INFO] All 1 packets received
2025-04-23 15:34:30,220 [INFO] Received complete response (434 bytes)
2025-04-23 15:34:30,220 [DEBUG] Response content: Command received: 750051288:msg:{"id": 41564471, "api_key": "dca15ceb-39c9-49f8-a0a6-a85c7402af6e", "command": "CMD_FORCE_SET_CH_SOURCE", "description": "Set Channel source by Manual: OTT | SAT | UDP | AUTO", "payload": {"mode": "SAT"}}

{
  "command": "CMD_FORCE_SET_CH_SOURCE",
  "details": {
    "mode": "SAT"
  },
  "id": 41564471,
  "message": "STB does not support that mode",
  "status": "error",
  "timestamp": 1745447670250
}
2025-04-23 15:34:30,220 [INFO] 
