2025-04-24 08:12:17,578 [INFO] API Request [57719415]: Sending CMD_FORCE_SET_CH_SOURCE to 10.30.5.197:25671
2025-04-24 08:12:17,578 [INFO] 
2025-04-24 08:12:17,578 [INFO] Sending packet (218 bytes)
2025-04-24 08:12:17,579 [DEBUG] Starting to receive response packets
2025-04-24 08:12:17,719 [DEBUG] Received packet 1: 430 bytes from ('10.30.5.197', 25671)
2025-04-24 08:12:17,719 [DEBUG] Processed packet 0/1
2025-04-24 08:12:17,719 [INFO] All 1 packets received
2025-04-24 08:12:17,720 [INFO] Received complete response (426 bytes)
2025-04-24 08:12:17,720 [DEBUG] Response content: Command received: 750051288:msg:{"id": 57719415, "api_key": "dca15ceb-39c9-49f8-a0a6-a85c7402af6e", "command": "CMD_FORCE_SET_CH_SOURCE", "description": "Set Channel source by Manual: OTT | SAT | UDP | AUTO", "payload": {"mode": "SAT"}}

{
  "command": "CMD_FORCE_SET_CH_SOURCE",
  "details": {
    "mode": "SAT"
  },
  "id": 57719415,
  "message": "Live TV is not playing",
  "status": "error",
  "timestamp": 1745507538239
}
2025-04-24 08:12:17,720 [INFO] 
