2025-04-22 09:27:04,624 [INFO] API Request [30825159]: Sending CMD_FORCE_SET_CH_SOURCE to 10.30.5.70:25671
2025-04-22 09:27:04,625 [INFO] 
2025-04-22 09:27:04,625 [INFO] Sending packet (218 bytes)
2025-04-22 09:27:04,625 [DEBUG] Starting to receive response packets
2025-04-22 09:27:04,665 [DEBUG] Received packet 1: 438 bytes from ('10.30.5.70', 25671)
2025-04-22 09:27:04,665 [DEBUG] Processed packet 0/1
2025-04-22 09:27:04,665 [INFO] All 1 packets received
2025-04-22 09:27:04,665 [INFO] Received complete response (434 bytes)
2025-04-22 09:27:04,665 [DEBUG] Response content: Command received: 750051288:msg:{"id": 30825159, "api_key": "dca15ceb-39c9-49f8-a0a6-a85c7402af6e", "command": "CMD_FORCE_SET_CH_SOURCE", "description": "Set Channel source by Manual: OTT | SAT | UDP | AUTO", "payload": {"mode": "SAT"}}

{
  "command": "CMD_FORCE_SET_CH_SOURCE",
  "details": {
    "mode": "SAT"
  },
  "id": 30825159,
  "message": "STB does not support that mode",
  "status": "error",
  "timestamp": 1745339225186
}
2025-04-22 09:27:04,665 [INFO] 
