2025-04-22 09:28:27,058 [INFO] API Request [52814036]: Sending CMD_GET_CURRENT_EPG to 10.30.5.70:25671
2025-04-22 09:28:27,058 [INFO] 
2025-04-22 09:28:27,058 [INFO] Sending packet (170 bytes)
2025-04-22 09:28:27,058 [DEBUG] Starting to receive response packets
2025-04-22 09:28:27,105 [DEBUG] Received packet 1: 685 bytes from ('10.30.5.70', 25671)
2025-04-22 09:28:27,105 [DEBUG] Processed packet 0/1
2025-04-22 09:28:27,105 [INFO] All 1 packets received
2025-04-22 09:28:27,105 [INFO] Received complete response (681 bytes)
2025-04-22 09:28:27,105 [DEBUG] Response content: Command received: 750051288:msg:{"id": 52814036, "api_key": "dca15ceb-39c9-49f8-a0a6-a85c7402af6e", "command": "CMD_GET_CURRENT_EPG", "description": "Get CURRENT EPG for current playback"}

{
  "command": "CMD_GET_CURRENT_EPG",
  "details": {
    "channelName": "Channel 8",
    "durationTimeUtcMillis": 0,
    "endTimeUtcMillis": 0,
    "eventId": 0,
    "longDescription": "",
    "reamingTimeUtcMillis": 0,
    "recordTimer": false,
    "s_id": 108,
    "shortDescription": "",
    "startTimeUtcMillis": 0,
    "timerStatusPass": false,
    "title": ""
  },
  "id": 52814036,
  "message": "Successfully retrieved EPG data.",
  "status": "success",
  "timestamp": 1745339307612
}
2025-04-22 09:28:27,105 [INFO] 
