2025-04-23 15:34:56,310 [INFO] API Request [53831358]: Sending CMD_SEND_BUTTON_KEY to 10.30.5.154:25671
2025-04-23 15:34:56,311 [INFO] 
2025-04-23 15:34:56,311 [INFO] Sending packet (195 bytes)
2025-04-23 15:34:56,311 [DEBUG] Starting to receive response packets
2025-04-23 15:34:56,352 [DEBUG] Received packet 1: 422 bytes from ('10.30.5.154', 25671)
2025-04-23 15:34:56,352 [DEBUG] Processed packet 0/1
2025-04-23 15:34:56,352 [INFO] All 1 packets received
2025-04-23 15:34:56,352 [INFO] Received complete response (418 bytes)
2025-04-23 15:34:56,352 [DEBUG] Response content: Command received: 750051288:msg:{"id": 53831358, "api_key": "dca15ceb-39c9-49f8-a0a6-a85c7402af6e", "command": "CMD_SEND_BUTTON_KEY", "description": "Send KEY button press to STB", "payload": {"button_key": "UP"}}

{
  "command": "CMD_SEND_BUTTON_KEY",
  "details": {
    "button_key": "UP",
    "timestamp": 1745447696368
  },
  "id": 53831358,
  "message": "Button key UP successfully sent.",
  "status": "success"
}
2025-04-23 15:34:56,352 [INFO] 
