2025-04-23 16:19:07,352 [INFO] API Request [20234640]: Sending CMD_FORCE_SET_CH_SOURCE to 10.30.5.154:25671
2025-04-23 16:19:07,353 [INFO] 
2025-04-23 16:19:07,354 [INFO] Sending packet (218 bytes)
2025-04-23 16:19:07,355 [DEBUG] Starting to receive response packets
2025-04-23 16:19:07,383 [DEBUG] Received packet 1: 438 bytes from ('10.30.5.154', 25671)
2025-04-23 16:19:07,383 [DEBUG] Processed packet 0/1
2025-04-23 16:19:07,384 [INFO] All 1 packets received
2025-04-23 16:19:07,385 [INFO] Received complete response (434 bytes)
2025-04-23 16:19:07,385 [DEBUG] Response content: Command received: 750051288:msg:{"id": 20234640, "api_key": "dca15ceb-39c9-49f8-a0a6-a85c7402af6e", "command": "CMD_FORCE_SET_CH_SOURCE", "description": "Set Channel source by Manual: OTT | SAT | UDP | AUTO", "payload": {"mode": "SAT"}}

{
  "command": "CMD_FORCE_SET_CH_SOURCE",
  "details": {
    "mode": "SAT"
  },
  "id": 20234640,
  "message": "STB does not support that mode",
  "status": "error",
  "timestamp": 1745450347390
}
2025-04-23 16:19:07,385 [INFO] 
